#
# A fatal error has been detected by the Java Runtime Environment:
#
#  EXCEPTION_ACCESS_VIOLATION (0xc0000005) at pc=0x000007fedf1496d0, pid=5772, tid=3628
#
# JRE version: 7.0_09-b05
# Java VM: Java HotSpot(TM) 64-Bit Server VM (23.5-b02 mixed mode windows-amd64 compressed oops)
# Problematic frame:
# C  [ig7icd64.dll+0x296d0]
#
# Failed to write core dump. Minidumps are not enabled by default on client versions of Windows
#
# If you would like to submit a bug report, please visit:
#   http://bugreport.sun.com/bugreport/crash.jsp
# The crash happened outside the Java Virtual Machine in native code.
# See problematic frame for where to report the bug.
#

---------------  T H R E A D  ---------------

Current thread (0x000000000bdc6800):  JavaThread "LWJGL Application" [_thread_in_native, id=3628, stack(0x000000000dd10000,0x000000000de10000)]

siginfo: ExceptionCode=0xc0000005, reading address 0x000000001089cdf4

Registers:
RAX=0x0000000000000000, RBX=0x000000000deab6c8, RCX=0x0000000000000000, RDX=0x000000001089cdf4
RSP=0x000000000de0c130, RBP=0x000000000de0c260, RSI=0x000000000e922420, RDI=0x0000000012448000
R8 =0x00000000000b6e84, R9 =0x00000000000016dd, R10=0x0000000000000000, R11=0x0000000000000014
R12=0x0000000000000008, R13=0x00000000000b6e84, R14=0x000000000dec13c0, R15=0x000000000de0c230
RIP=0x000007fedf1496d0, EFLAGS=0x0000000000010206

Top of Stack: (sp=0x000000000de0c130)
0x000000000de0c130:   0000000000000000 0000000000000000
0x000000000de0c140:   0000000000000000 0000000000000000
0x000000000de0c150:   0000000010511ad0 000007fedf147c0a
0x000000000de0c160:   000000000deab6c8 000000000deab6c8
0x000000000de0c170:   000000000de0c260 0000000010511ad0
0x000000000de0c180:   0000000000000180 0000000000000000
0x000000000de0c190:   0001000000000000 0000000000000040
0x000000000de0c1a0:   0000000000000000 0000000002910d28
0x000000000de0c1b0:   000000000fbf3060 000000000dec1408
0x000000000de0c1c0:   0000000000000000 0000000000000000
0x000000000de0c1d0:   0000000000000000 0000000002910d0c
0x000000000de0c1e0:   000000000de0c230 0004da3000000000
0x000000000de0c1f0:   0000000000000000 0000000300000000
0x000000000de0c200:   0000000000000000 0000001c00000000
0x000000000de0c210:   000000000000014e 000000000e9436d0
0x000000000de0c220:   0000000002910d2c 0000000000000d0c 

Instructions: (pc=0x000007fedf1496d0)
0x000007fedf1496b0:   24 4d 8b c8 49 c1 e9 07 f6 c2 0f 0f 84 b0 00 00
0x000007fedf1496c0:   00 4d 85 c9 74 6c 66 66 0f 1f 84 00 00 00 00 00
0x000007fedf1496d0:   f3 0f 6f 3a f3 0f 6f 72 10 f3 0f 6f 6a 20 41 ff
0x000007fedf1496e0:   c2 48 83 ef 80 41 8b c2 f3 0f 6f 62 30 f3 0f 6f 


Register to memory mapping:

RAX=0x0000000000000000 is an unknown value
RBX=0x000000000deab6c8 is an unknown value
RCX=0x0000000000000000 is an unknown value
RDX=0x000000001089cdf4 is an unknown value
RSP=0x000000000de0c130 is pointing into the stack for thread: 0x000000000bdc6800
RBP=0x000000000de0c260 is pointing into the stack for thread: 0x000000000bdc6800
RSI=0x000000000e922420 is an unknown value
RDI=0x0000000012448000 is an unknown value
R8 =0x00000000000b6e84 is an unknown value
R9 =0x00000000000016dd is an unknown value
R10=0x0000000000000000 is an unknown value
R11=0x0000000000000014 is an unknown value
R12=0x0000000000000008 is an unknown value
R13=0x00000000000b6e84 is an unknown value
R14=0x000000000dec13c0 is an unknown value
R15=0x000000000de0c230 is pointing into the stack for thread: 0x000000000bdc6800


Stack: [0x000000000dd10000,0x000000000de10000],  sp=0x000000000de0c130,  free space=1008k
Native frames: (J=compiled Java code, j=interpreted, Vv=VM code, C=native code)
C  [ig7icd64.dll+0x296d0]

Java frames: (J=compiled Java code, j=interpreted, Vv=VM code)
j  org.lwjgl.opengl.GL11.nglDrawElements(IIIJJ)V+0
j  org.lwjgl.opengl.GL11.glDrawElements(ILjava/nio/ShortBuffer;)V+34
j  com.badlogic.gdx.backends.lwjgl.LwjglGL10.glDrawElements(IIILjava/nio/Buffer;)V+21
j  com.badlogic.gdx.graphics.Mesh.render(III)V+107
j  com.badlogic.gdx.graphics.g2d.SpriteBatch.renderMesh()V+215
j  com.badlogic.gdx.graphics.g2d.SpriteBatch.switchTexture(Lcom/badlogic/gdx/graphics/Texture;)V+1
j  com.badlogic.gdx.graphics.g2d.SpriteBatch.draw(Lcom/badlogic/gdx/graphics/Texture;[FII)V+27
j  com.badlogic.gdx.graphics.g2d.BitmapFontCache.draw(Lcom/badlogic/gdx/graphics/g2d/SpriteBatch;)V+20
j  com.badlogic.gdx.graphics.g2d.BitmapFontCache.draw(Lcom/badlogic/gdx/graphics/g2d/SpriteBatch;F)V+40
j  com.badlogic.gdx.scenes.scene2d.ui.Label.draw(Lcom/badlogic/gdx/graphics/g2d/SpriteBatch;F)V+134
j  com.badlogic.gdx.scenes.scene2d.Group.drawChildren(Lcom/badlogic/gdx/graphics/g2d/SpriteBatch;F)V+519
j  com.badlogic.gdx.scenes.scene2d.Group.draw(Lcom/badlogic/gdx/graphics/g2d/SpriteBatch;F)V+19
j  com.badlogic.gdx.scenes.scene2d.ui.WidgetGroup.draw(Lcom/badlogic/gdx/graphics/g2d/SpriteBatch;F)V+7
j  com.badlogic.gdx.scenes.scene2d.Group.drawChildren(Lcom/badlogic/gdx/graphics/g2d/SpriteBatch;F)V+519
j  com.badlogic.gdx.scenes.scene2d.Group.draw(Lcom/badlogic/gdx/graphics/g2d/SpriteBatch;F)V+19
j  com.badlogic.gdx.scenes.scene2d.ui.WidgetGroup.draw(Lcom/badlogic/gdx/graphics/g2d/SpriteBatch;F)V+7
j  com.badlogic.gdx.scenes.scene2d.ui.Table.draw(Lcom/badlogic/gdx/graphics/g2d/SpriteBatch;F)V+76
j  com.badlogic.gdx.scenes.scene2d.ui.Button.draw(Lcom/badlogic/gdx/graphics/g2d/SpriteBatch;F)V+316
j  com.badlogic.gdx.scenes.scene2d.Group.drawChildren(Lcom/badlogic/gdx/graphics/g2d/SpriteBatch;F)V+519
j  com.badlogic.gdx.scenes.scene2d.Group.draw(Lcom/badlogic/gdx/graphics/g2d/SpriteBatch;F)V+19
j  com.badlogic.gdx.scenes.scene2d.ui.WidgetGroup.draw(Lcom/badlogic/gdx/graphics/g2d/SpriteBatch;F)V+7
j  com.badlogic.gdx.scenes.scene2d.ui.Table.draw(Lcom/badlogic/gdx/graphics/g2d/SpriteBatch;F)V+76
j  com.badlogic.gdx.scenes.scene2d.Group.drawChildren(Lcom/badlogic/gdx/graphics/g2d/SpriteBatch;F)V+326
j  com.badlogic.gdx.scenes.scene2d.Group.draw(Lcom/badlogic/gdx/graphics/g2d/SpriteBatch;F)V+19
j  com.badlogic.gdx.scenes.scene2d.ui.WidgetGroup.draw(Lcom/badlogic/gdx/graphics/g2d/SpriteBatch;F)V+7
j  com.badlogic.gdx.scenes.scene2d.ui.Table.draw(Lcom/badlogic/gdx/graphics/g2d/SpriteBatch;F)V+76
j  com.badlogic.gdx.scenes.scene2d.Group.drawChildren(Lcom/badlogic/gdx/graphics/g2d/SpriteBatch;F)V+409
j  com.badlogic.gdx.scenes.scene2d.ui.ScrollPane.draw(Lcom/badlogic/gdx/graphics/g2d/SpriteBatch;F)V+475
j  com.badlogic.gdx.scenes.scene2d.Group.drawChildren(Lcom/badlogic/gdx/graphics/g2d/SpriteBatch;F)V+519
j  com.badlogic.gdx.scenes.scene2d.Group.draw(Lcom/badlogic/gdx/graphics/g2d/SpriteBatch;F)V+19
j  com.badlogic.gdx.scenes.scene2d.ui.WidgetGroup.draw(Lcom/badlogic/gdx/graphics/g2d/SpriteBatch;F)V+7
j  com.badlogic.gdx.scenes.scene2d.ui.Table.draw(Lcom/badlogic/gdx/graphics/g2d/SpriteBatch;F)V+76
j  com.badlogic.gdx.scenes.scene2d.Group.drawChildren(Lcom/badlogic/gdx/graphics/g2d/SpriteBatch;F)V+409
j  com.badlogic.gdx.scenes.scene2d.Group.draw(Lcom/badlogic/gdx/graphics/g2d/SpriteBatch;F)V+19
j  com.badlogic.gdx.scenes.scene2d.Stage.draw()V+48
j  com.me.snake.screens.SelectLevel.render(F)V+55
j  com.badlogic.gdx.Game.render()V+19
j  com.badlogic.gdx.backends.lwjgl.LwjglApplication.mainLoop()V+494
j  com.badlogic.gdx.backends.lwjgl.LwjglApplication$1.run()V+27
v  ~StubRoutines::call_stub

---------------  P R O C E S S  ---------------

Java Threads: ( => current thread )
  0x000000000d744800 JavaThread "LWJGL Timer" daemon [_thread_blocked, id=2776, stack(0x00000000117a0000,0x00000000118a0000)]
  0x000000000d5ac800 JavaThread "DestroyJavaVM" [_thread_blocked, id=5976, stack(0x0000000002a40000,0x0000000002b40000)]
=>0x000000000bdc6800 JavaThread "LWJGL Application" [_thread_in_native, id=3628, stack(0x000000000dd10000,0x000000000de10000)]
  0x000000000bac0000 JavaThread "Service Thread" daemon [_thread_blocked, id=5288, stack(0x000000000c570000,0x000000000c670000)]
  0x000000000babf000 JavaThread "C2 CompilerThread1" daemon [_thread_blocked, id=3304, stack(0x000000000c3e0000,0x000000000c4e0000)]
  0x000000000baba000 JavaThread "C2 CompilerThread0" daemon [_thread_blocked, id=2772, stack(0x000000000be70000,0x000000000bf70000)]
  0x000000000baab000 JavaThread "Attach Listener" daemon [_thread_blocked, id=6084, stack(0x000000000c190000,0x000000000c290000)]
  0x000000000ba9f800 JavaThread "Signal Dispatcher" daemon [_thread_blocked, id=5304, stack(0x000000000bf80000,0x000000000c080000)]
  0x000000000a6e4000 JavaThread "Finalizer" daemon [_thread_blocked, id=5792, stack(0x000000000b830000,0x000000000b930000)]
  0x000000000a6dd000 JavaThread "Reference Handler" daemon [_thread_blocked, id=2960, stack(0x000000000b950000,0x000000000ba50000)]

Other Threads:
  0x000000000a6cf000 VMThread [stack: 0x000000000b700000,0x000000000b800000] [id=4212]
  0x000000000bad5000 WatcherThread [stack: 0x000000000c670000,0x000000000c770000] [id=4184]

VM state:not at safepoint (normal execution)

VM Mutex/Monitor currently owned by a thread: None

Heap
 PSYoungGen      total 28032K, used 16789K [0x00000000e0b60000, 0x00000000e2aa0000, 0x0000000100000000)
  eden space 24064K, 69% used [0x00000000e0b60000,0x00000000e1bc5750,0x00000000e22e0000)
  from space 3968K, 0% used [0x00000000e26c0000,0x00000000e26c0000,0x00000000e2aa0000)
  to   space 3968K, 0% used [0x00000000e22e0000,0x00000000e22e0000,0x00000000e26c0000)
 ParOldGen       total 64064K, used 0K [0x00000000a2200000, 0x00000000a6090000, 0x00000000e0b60000)
  object space 64064K, 0% used [0x00000000a2200000,0x00000000a2200000,0x00000000a6090000)
 PSPermGen       total 21248K, used 6574K [0x000000009d000000, 0x000000009e4c0000, 0x00000000a2200000)
  object space 21248K, 30% used [0x000000009d000000,0x000000009d66b980,0x000000009e4c0000)

Card table byte_map: [0x0000000005b40000,0x0000000005e60000] byte_map_base: 0x0000000005658000

Polling page: 0x00000000004d0000

Code Cache  [0x0000000002b40000, 0x0000000002db0000, 0x0000000005b40000)
 total_blobs=436 nmethods=77 adapters=310 free_code_cache=48581Kb largest_free_block=49729152

Compilation events (10 events):
Event: 4.324 Thread 0x000000000babf000   72             org.lwjgl.MemoryUtil::getAddress0 (10 bytes)
Event: 4.324 Thread 0x000000000baba000   73             org.lwjgl.MemoryUtilSun$AccessorUnsafe::getAddress (13 bytes)
Event: 4.325 Thread 0x000000000babf000 nmethod 72 0x0000000002bce3d0 code [0x0000000002bce500, 0x0000000002bce578]
Event: 4.325 Thread 0x000000000baba000 nmethod 73 0x0000000002bce190 code [0x0000000002bce2c0, 0x0000000002bce338]
Event: 4.388 Thread 0x000000000babf000   75             com.badlogic.gdx.scenes.scene2d.Group::act (54 bytes)
Event: 4.401 Thread 0x000000000babf000 nmethod 75 0x0000000002bcd650 code [0x0000000002bcd7e0, 0x0000000002bcdc78]
Event: 4.505 Thread 0x000000000baba000   76             com.badlogic.gdx.math.Vector3::set (17 bytes)
Event: 4.506 Thread 0x000000000baba000 nmethod 76 0x0000000002bcfb90 code [0x0000000002bcfcc0, 0x0000000002bcfd18]
Event: 4.556 Thread 0x000000000baba000   77             com.badlogic.gdx.backends.lwjgl.LwjglGraphics::isGL20Available (13 bytes)
Event: 4.557 Thread 0x000000000baba000 nmethod 77 0x0000000002bcf950 code [0x0000000002bcfa80, 0x0000000002bcfaf8]

GC Heap History (0 events):
No events

Deoptimization events (0 events):
No events

Internal exceptions (10 events):
Event: 3.282 Thread 0x000000000bdc6800 Threw 0x00000000e19cc088 at C:\jdk7u1_64p\jdk7u9\hotspot\src\share\vm\prims\jvm.cpp:1166
Event: 3.282 Thread 0x000000000bdc6800 Threw 0x00000000e19cf818 at C:\jdk7u1_64p\jdk7u9\hotspot\src\share\vm\prims\jvm.cpp:1166
Event: 3.283 Thread 0x000000000bdc6800 Threw 0x00000000e19d2fb8 at C:\jdk7u1_64p\jdk7u9\hotspot\src\share\vm\prims\jvm.cpp:1166
Event: 3.283 Thread 0x000000000bdc6800 Threw 0x00000000e19d6968 at C:\jdk7u1_64p\jdk7u9\hotspot\src\share\vm\prims\jvm.cpp:1166
Event: 3.284 Thread 0x000000000bdc6800 Threw 0x00000000e19db008 at C:\jdk7u1_64p\jdk7u9\hotspot\src\share\vm\prims\jvm.cpp:1166
Event: 3.284 Thread 0x000000000bdc6800 Threw 0x00000000e19de8f0 at C:\jdk7u1_64p\jdk7u9\hotspot\src\share\vm\prims\jvm.cpp:1166
Event: 3.284 Thread 0x000000000bdc6800 Threw 0x00000000e19e2080 at C:\jdk7u1_64p\jdk7u9\hotspot\src\share\vm\prims\jvm.cpp:1166
Event: 3.285 Thread 0x000000000bdc6800 Threw 0x00000000e19e57d0 at C:\jdk7u1_64p\jdk7u9\hotspot\src\share\vm\prims\jvm.cpp:1166
Event: 3.287 Thread 0x000000000bdc6800 Threw 0x00000000e19e9420 at C:\jdk7u1_64p\jdk7u9\hotspot\src\share\vm\prims\jvm.cpp:1166
Event: 4.156 Thread 0x000000000bdc6800 Threw 0x00000000e1a0e170 at C:\jdk7u1_64p\jdk7u9\hotspot\src\share\vm\prims\jvm.cpp:1166

Events (10 events):
Event: 3.287 loading class 0x000000000a6ec9d0
Event: 3.287 loading class 0x000000000a6ec9d0 done
Event: 4.133 Executing VM operation: EnableBiasedLocking
Event: 4.133 Executing VM operation: EnableBiasedLocking done
Event: 4.155 loading class 0x000000000d898d00
Event: 4.155 loading class 0x000000000d898d00 done
Event: 4.655 loading class 0x000000000a6eae00
Event: 4.655 loading class 0x000000000a6eae00 done
Event: 4.655 loading class 0x000000000a6ead90
Event: 4.656 loading class 0x000000000a6ead90 done


Dynamic libraries:
0x000000013fdf0000 - 0x000000013fe24000 	C:\Program Files\Java\jre7\bin\javaw.exe
0x00000000774d0000 - 0x0000000077679000 	C:\Windows\SYSTEM32\ntdll.dll
0x0000000070560000 - 0x00000000705ad000 	C:\Program Files\AVAST Software\Avast\snxhk64.dll
0x00000000773b0000 - 0x00000000774cf000 	C:\Windows\system32\KERNEL32.dll
0x000007fefd390000 - 0x000007fefd3fb000 	C:\Windows\system32\KERNELBASE.dll
0x000007fefe110000 - 0x000007fefe1eb000 	C:\Windows\system32\ADVAPI32.dll
0x000007fefe1f0000 - 0x000007fefe28f000 	C:\Windows\system32\msvcrt.dll
0x000007fefe380000 - 0x000007fefe39f000 	C:\Windows\SYSTEM32\sechost.dll
0x000007fefdfd0000 - 0x000007fefe0fd000 	C:\Windows\system32\RPCRT4.dll
0x00000000772b0000 - 0x00000000773aa000 	C:\Windows\system32\USER32.dll
0x000007feff770000 - 0x000007feff7d7000 	C:\Windows\system32\GDI32.dll
0x000007feff700000 - 0x000007feff70e000 	C:\Windows\system32\LPK.dll
0x000007fefe290000 - 0x000007fefe359000 	C:\Windows\system32\USP10.dll
0x000007fefb500000 - 0x000007fefb6f4000 	C:\Windows\WinSxS\amd64_microsoft.windows.common-controls_6595b64144ccf1df_6.0.7601.17514_none_fa396087175ac9ac\COMCTL32.dll
0x000007fefe710000 - 0x000007fefe781000 	C:\Windows\system32\SHLWAPI.dll
0x000007fefd130000 - 0x000007fefd187000 	C:\Windows\system32\apphelp.dll
0x000007fee1280000 - 0x000007fee16e7000 	C:\Windows\AppPatch\AppPatch64\AcXtrnal.DLL
0x000007fefde90000 - 0x000007fefdebe000 	C:\Windows\system32\IMM32.DLL
0x000007fefdec0000 - 0x000007fefdfc9000 	C:\Windows\system32\MSCTF.dll
0x000007fefd260000 - 0x000007fefd2a6000 	C:\Windows\system32\nvinitx.dll
0x000000000f000000 - 0x000000000f006000 	C:\Program Files\NVIDIA Corporation\CoProcManager\_etoured.dll
0x000007fef9ab0000 - 0x000007fef9b05000 	C:\Program Files\NVIDIA Corporation\CoProcManager\nvd3d9wrapx.dll
0x000007fefe790000 - 0x000007fefe967000 	C:\Windows\system32\SETUPAPI.dll
0x000007fefd460000 - 0x000007fefd496000 	C:\Windows\system32\CFGMGR32.dll
0x000007fefe630000 - 0x000007fefe707000 	C:\Windows\system32\OLEAUT32.dll
0x000007fefdc80000 - 0x000007fefde83000 	C:\Windows\system32\ole32.dll
0x000007fefd360000 - 0x000007fefd37a000 	C:\Windows\system32\DEVOBJ.dll
0x000007fef9a70000 - 0x000007fef9aad000 	C:\Program Files\NVIDIA Corporation\CoProcManager\nvdxgiwrapx.dll
0x00000000622c0000 - 0x0000000062391000 	C:\Program Files\Java\jre7\bin\msvcr100.dll
0x0000000061590000 - 0x0000000061caf000 	C:\Program Files\Java\jre7\bin\server\jvm.dll
0x000007feef900000 - 0x000007feef909000 	C:\Windows\system32\WSOCK32.dll
0x000007fefd6e0000 - 0x000007fefd72d000 	C:\Windows\system32\WS2_32.dll
0x000007fefe100000 - 0x000007fefe108000 	C:\Windows\system32\NSI.dll
0x000007fefb050000 - 0x000007fefb08b000 	C:\Windows\system32\WINMM.dll
0x00000000776a0000 - 0x00000000776a7000 	C:\Windows\system32\PSAPI.DLL
0x000000006b960000 - 0x000000006b96f000 	C:\Program Files\Java\jre7\bin\verify.dll
0x0000000062290000 - 0x00000000622b8000 	C:\Program Files\Java\jre7\bin\java.dll
0x0000000068a30000 - 0x0000000068a45000 	C:\Program Files\Java\jre7\bin\zip.dll
0x000000006b3c0000 - 0x000000006b44d000 	C:\Users\Roman\AppData\Local\Temp\libgdxRoman\1242687446\gdx64.dll
0x0000000180000000 - 0x0000000180050000 	C:\Users\Roman\AppData\Local\Temp\libgdxRoman\1242687446\lwjgl64.dll
0x000007fee5000000 - 0x000007fee511d000 	C:\Windows\system32\OPENGL32.dll
0x000007fef18d0000 - 0x000007fef18fd000 	C:\Windows\system32\GLU32.dll
0x000007fef0380000 - 0x000007fef0471000 	C:\Windows\system32\DDRAW.dll
0x000007fef0370000 - 0x000007fef0378000 	C:\Windows\system32\DCIMAN32.dll
0x000007fefaff0000 - 0x000007fefb008000 	C:\Windows\system32\dwmapi.dll
0x000007fefc3a0000 - 0x000007fefc3ac000 	C:\Windows\system32\VERSION.dll
0x0000000002430000 - 0x0000000002492000 	C:\Users\Roman\AppData\Local\Temp\libgdxRoman\1242687446\OpenAL64.dll
0x000007fefe970000 - 0x000007feff6f8000 	C:\Windows\system32\SHELL32.dll
0x000007fefd190000 - 0x000007fefd19f000 	C:\Windows\system32\CRYPTBASE.dll
0x000007fefb450000 - 0x000007fefb4a6000 	C:\Windows\system32\uxtheme.dll
0x000007fefdbe0000 - 0x000007fefdc79000 	C:\Windows\system32\CLBCatQ.DLL
0x000007fefba70000 - 0x000007fefbb9c000 	C:\Windows\System32\PROPSYS.dll
0x000007fefd400000 - 0x000007fefd439000 	C:\Windows\system32\WINTRUST.dll
0x000007fefd570000 - 0x000007fefd6da000 	C:\Windows\system32\CRYPT32.dll
0x000007fefd350000 - 0x000007fefd35f000 	C:\Windows\system32\MSASN1.dll
0x000007feeedc0000 - 0x000007feeee48000 	C:\Windows\system32\dsound.dll
0x000007fefc120000 - 0x000007fefc14c000 	C:\Windows\system32\POWRPROF.dll
0x000007fefc0d0000 - 0x000007fefc11b000 	C:\Windows\System32\MMDevApi.dll
0x000007fefac10000 - 0x000007fefac5f000 	C:\Windows\system32\AUDIOSES.DLL
0x000007fedf120000 - 0x000007fedfc40000 	C:\Windows\system32\ig7icd64.dll
0x000007feee200000 - 0x000007feee23f000 	C:\Program Files\WIDCOMM\Bluetooth Software\btmmhook.dll
0x000007fef9660000 - 0x000007fef96fc000 	C:\Windows\system32\mscms.dll
0x000007fefc5a0000 - 0x000007fefc5be000 	C:\Windows\system32\USERENV.dll
0x000007fefd2b0000 - 0x000007fefd2bf000 	C:\Windows\system32\profapi.dll
0x000007fef1680000 - 0x000007fef16c2000 	C:\Windows\system32\icm32.dll
0x000007fef9c00000 - 0x000007fef9d25000 	C:\Windows\system32\dbghelp.dll

VM Arguments:
jvm_args: -Dfile.encoding=Cp1251 
java_command: com.me.snake.Main
Launcher Type: SUN_STANDARD

Environment Variables:
PATH=C:/Program Files (x86)/Java/jre8/bin/client;C:/Program Files (x86)/Java/jre8/bin;C:/Program Files (x86)/Java/jre8/lib/i386;C:\Program Files (x86)\NVIDIA Corporation\PhysX\Common;C:\Program Files\Dell\DW WLAN Card;C:\Program Files (x86)\Intel\iCLS Client\;C:\Program Files\Intel\iCLS Client\;C:\Windows\system32;C:\Windows;C:\Windows\System32\Wbem;C:\Windows\System32\WindowsPowerShell\v1.0\;C:\Program Files (x86)\Intel\OpenCL SDK\2.0\bin\x86;C:\Program Files (x86)\Intel\OpenCL SDK\2.0\bin\x64;C:\Program Files\WIDCOMM\Bluetooth Software\;C:\Program Files\WIDCOMM\Bluetooth Software\syswow64;C:\Program Files\Intel\Intel(R) Management Engine Components\DAL;C:\Program Files\Intel\Intel(R) Management Engine Components\IPT;C:\Program Files (x86)\Intel\Intel(R) Management Engine Components\DAL;C:\Program Files (x86)\Intel\Intel(R) Management Engine Components\IPT;D:\Рома\Java\Git\cmd;D:\Рома\Java\Tortoise\bin;.;;.;;D:\Рома\Java\eclipse;
USERNAME=Roman
OS=Windows_NT
PROCESSOR_IDENTIFIER=Intel64 Family 6 Model 58 Stepping 9, GenuineIntel



---------------  S Y S T E M  ---------------

OS: Windows 7 , 64 bit Build 7601 Service Pack 1

CPU:total 4 (2 cores per cpu, 2 threads per core) family 6 model 58 stepping 9, cmov, cx8, fxsr, mmx, sse, sse2, sse3, ssse3, sse4.1, sse4.2, popcnt, avx, ht, tsc, tscinvbit, tscinv

Memory: 4k page, physical 6145036k(3302596k free), swap 12288228k(8936220k free)

vm_info: Java HotSpot(TM) 64-Bit Server VM (23.5-b02) for windows-amd64 JRE (1.7.0_09-b05), built on Sep 24 2012 21:45:04 by "java_re" with unknown MS VC++:1600

time: Wed Aug 14 13:41:18 2013
elapsed time: 4 seconds

